<?xml version="1.0" encoding="UTF-8"?>
<!-- Generated by org.testng.reporters.JUnitReportReporter -->
<testsuite hostname="DESKTOP-3H94QO1" failures="0" tests="1" name="practice_test.DemoTest" time="0.014" errors="0" timestamp="10 Dec 2021 08:25:46 GMT" skipped="0">
  <testcase classname="practice_test.DemoTest" name="demoTest" time="0.014"/>
</testsuite> <!-- practice_test.DemoTest -->
